<?xml version="1.0" encoding="UTF-8"?>
<testsuite xmlns:xsi="http://www.w3.org/2001/XMLSchema-instance" xsi:schemaLocation="https://maven.apache.org/surefire/maven-surefire-plugin/xsd/surefire-test-report.xsd" name="test.automation.CucumberTestSuite" time="920.631" tests="152" errors="42" skipped="83" failures="2">
  <properties>
[...]
</properties>
  <testcase name="User login into the app with nik &quot;&lt;nik&gt;&quot; and password &quot;&lt;pwd&gt;&quot;(Verify that the components on the home screen are displayed " classname="User login into the app with nik &quot;&lt;nik&gt;&quot; and password &quot;&lt;pwd&gt;&quot;(Verify that the components on the home screen are displayed (TC_H1))" time="0.13">
    <error message="The step &apos;User login into the app with nik &quot;&lt;nik&gt;&quot; and password &quot;&lt;pwd&gt;&quot;&apos; and 2 other step(s) are undefined.&#10;You can implement these steps using the snippet(s) below:&#10;&#10;@Given(&quot;User login into the app with nik {string} and password {string}&quot;)&#10;public void user_login_into_the_app_with_nik_and_password(String string, String string2) {&#10;    // Write code here that turns the phrase above into concrete actions&#10;    throw new io.cucumber.java.PendingException();&#10;}&#10;@When(&quot;Users on the home screen&quot;)&#10;public void users_on_the_home_screen() {&#10;    // Write code here that turns the phrase above into concrete actions&#10;    throw new io.cucumber.java.PendingException();&#10;}&#10;@Then(&quot;Display the existing components \\(Header, Content, Ekslusif content, news)&quot;)&#10;public void display_the_existing_components_header_content_ekslusif_content_news() {&#10;    // Write code here that turns the phrase above into concrete actions&#10;    throw new io.cucumber.java.PendingException();&#10;}&#10;" type="io.cucumber.junit.UndefinedStepException"><![CDATA[io.cucumber.junit.UndefinedStepException: 
The step 'User login into the app with nik "<nik>" and password "<pwd>"' and 2 other step(s) are undefined.
You can implement these steps using the snippet(s) below:

@Given("User login into the app with nik {string} and password {string}")
public void user_login_into_the_app_with_nik_and_password(String string, String string2) {
    // Write code here that turns the phrase above into concrete actions
    throw new io.cucumber.java.PendingException();
}
@When("Users on the home screen")
public void users_on_the_home_screen() {
    // Write code here that turns the phrase above into concrete actions
    throw new io.cucumber.java.PendingException();
}
@Then("Display the existing components \\(Header, Content, Ekslusif content, news)")
public void display_the_existing_components_header_content_ekslusif_content_news() {
    // Write code here that turns the phrase above into concrete actions
    throw new io.cucumber.java.PendingException();
}

]]></error>
    <system-out><![CDATA[
Scenario: Verify that the components on the home screen are displayed (TC_H1)    &amp#27;[90m# src/test/resources/features/Home.feature:7&amp#27;[0m
]]></system-out>
    <system-err><![CDATA[[main] INFO io.cucumber.core.plugin.SerenityReporter - Running feature from file:///C:/Users/RICO/IdeaProjects/CapstoneMobile/src/test/resources/features/Home.feature
[main] INFO  - 

-------------------------------------------------------------------------------------
     _______. _______ .______       _______ .__   __.  __  .___________.____    ____ 
    /       ||   ____||   _  \     |   ____||  \ |  | |  | |           |\   \  /   / 
   |   (----`|  |__   |  |_)  |    |  |__   |   \|  | |  | `---|  |----` \   \/   /  
    \   \    |   __|  |      /     |   __|  |  . `  | |  |     |  |       \_    _/   
.----)   |   |  |____ |  |\  \----.|  |____ |  |\   | |  |     |  |         |  |     
|_______/    |_______|| _| `._____||_______||__| \__| |__|     |__|         |__|    
                                                                                     
 News and tutorials at http://www.serenity-bdd.info                                  
 Documentation at https://wakaleo.gitbooks.io/the-serenity-book/content/             
 Join the Serenity Community on Gitter: https://gitter.im/serenity-bdd/serenity-core 
 Serenity BDD Support and Training at http://serenity-bdd.info/#/trainingandsupport  
-------------------------------------------------------------------------------------

[main] INFO  - Test Suite Started: Home
[main] INFO io.cucumber.core.plugin.SerenityReporter - Running feature from file:///C:/Users/RICO/IdeaProjects/CapstoneMobile/src/test/resources/features/Keluarga.feature
[main] INFO  - Test Suite Started: Register
[main] INFO io.cucumber.core.plugin.SerenityReporter - Running feature from file:///C:/Users/RICO/IdeaProjects/CapstoneMobile/src/test/resources/features/Login.feature
[main] INFO  - Test Suite Started: Login
[main] INFO io.cucumber.core.plugin.SerenityReporter - Running feature from file:///C:/Users/RICO/IdeaProjects/CapstoneMobile/src/test/resources/features/ProfileEdit.feature
[main] INFO  - Test Suite Started: Edit Profil
[main] INFO io.cucumber.core.plugin.SerenityReporter - Running feature from file:///C:/Users/RICO/IdeaProjects/CapstoneMobile/src/test/resources/features/ProfileInformation.feature
[main] INFO  - Test Suite Started: Edit Informasi
[main] INFO io.cucumber.core.plugin.SerenityReporter - Running feature from file:///C:/Users/RICO/IdeaProjects/CapstoneMobile/src/test/resources/features/Register.feature
[main] INFO  - Test Suite Started: Register
[main] INFO io.cucumber.core.plugin.SerenityReporter - Running feature from file:///C:/Users/RICO/IdeaProjects/CapstoneMobile/src/test/resources/features/Home.feature
[main] INFO  - 
  _____   ___   ___   _____     ___   _____     _     ___   _____   ___   ___  
 |_   _| | __| / __| |_   _|   / __| |_   _|   /_\   | _ \ |_   _| | __| |   \ 
   | |   | _|  \__ \   | |     \__ \   | |    / _ \  |   /   | |   | _|  | |) |
   |_|   |___| |___/   |_|     |___/   |_|   /_/ \_\ |_|_\   |_|   |___| |___/ 

Verify that the components on the home screen are displayed (TC_H1)(home;verify-that-the-components-on-the-home-screen-are-displayed-(tc-h1))
--------------------------------------------------------------------------------
]]></system-err>
  </testcase>
  <testcase name="Users on the home screen(Verify that the components on the home screen are displayed " classname="Users on the home screen(Verify that the components on the home screen are displayed (TC_H1))" time="0">
    <skipped/>
    <system-out><![CDATA[  &amp#27;[33mGiven &amp#27;[0m&amp#27;[33mUser login into the app with nik "<nik>" and password "<pwd>"&amp#27;[0m            &amp#27;[90m# null&amp#27;[0m
]]></system-out>
  </testcase>
  <testcase name="Display the existing components (Header, Content, Ekslusif content, news)(Verify that the components on the home screen are displayed " classname="Display the existing components (Header, Content, Ekslusif content, news)(Verify that the components on the home screen are displayed (TC_H1))" time="0">
    <skipped/>
    <system-out><![CDATA[  &amp#27;[36mWhen &amp#27;[0m&amp#27;[36mUsers on the home screen&amp#27;[0m                                                  &amp#27;[90m# null&amp#27;[0m
]]></system-out>
  </testcase>
  <testcase name="Verify that the components on the home screen are displayed " classname="TC_H1" time="0.008">
    <error message="The step &apos;User login into the app with nik &quot;&lt;nik&gt;&quot; and password &quot;&lt;pwd&gt;&quot;&apos; and 2 other step(s) are undefined.&#10;You can implement these steps using the snippet(s) below:&#10;&#10;@Given(&quot;User login into the app with nik {string} and password {string}&quot;)&#10;public void user_login_into_the_app_with_nik_and_password(String string, String string2) {&#10;    // Write code here that turns the phrase above into concrete actions&#10;    throw new io.cucumber.java.PendingException();&#10;}&#10;@When(&quot;Users on the home screen&quot;)&#10;public void users_on_the_home_screen() {&#10;    // Write code here that turns the phrase above into concrete actions&#10;    throw new io.cucumber.java.PendingException();&#10;}&#10;@Then(&quot;Display the existing components \\(Header, Content, Ekslusif content, news)&quot;)&#10;public void display_the_existing_components_header_content_ekslusif_content_news() {&#10;    // Write code here that turns the phrase above into concrete actions&#10;    throw new io.cucumber.java.PendingException();&#10;}&#10;" type="io.cucumber.junit.UndefinedStepException"><![CDATA[io.cucumber.junit.UndefinedStepException: 
The step 'User login into the app with nik "<nik>" and password "<pwd>"' and 2 other step(s) are undefined.
You can implement these steps using the snippet(s) below:

@Given("User login into the app with nik {string} and password {string}")
public void user_login_into_the_app_with_nik_and_password(String string, String string2) {
    // Write code here that turns the phrase above into concrete actions
    throw new io.cucumber.java.PendingException();
}
@When("Users on the home screen")
public void users_on_the_home_screen() {
    // Write code here that turns the phrase above into concrete actions
    throw new io.cucumber.java.PendingException();
}
@Then("Display the existing components \\(Header, Content, Ekslusif content, news)")
public void display_the_existing_components_header_content_ekslusif_content_news() {
    // Write code here that turns the phrase above into concrete actions
    throw new io.cucumber.java.PendingException();
}

]]></error>
    <system-out><![CDATA[  &amp#27;[36mThen &amp#27;[0m&amp#27;[36mDisplay the existing components (Header, Content, Ekslusif content, news)&amp#27;[0m &amp#27;[90m# null&amp#27;[0m
]]></system-out>
  </testcase>
  <testcase name="User login into the app with nik &quot;&lt;nik&gt;&quot; and password &quot;&lt;pwd&gt;&quot;(User want see menu in side bar " classname="User login into the app with nik &quot;&lt;nik&gt;&quot; and password &quot;&lt;pwd&gt;&quot;(User want see menu in side bar (TC_H2))" time="0">
    <error message="The step &apos;User login into the app with nik &quot;&lt;nik&gt;&quot; and password &quot;&lt;pwd&gt;&quot;&apos; and 3 other step(s) are undefined.&#10;You can implement these steps using the snippet(s) below:&#10;&#10;@Given(&quot;User login into the app with nik {string} and password {string}&quot;)&#10;public void user_login_into_the_app_with_nik_and_password(String string, String string2) {&#10;    // Write code here that turns the phrase above into concrete actions&#10;    throw new io.cucumber.java.PendingException();&#10;}&#10;@When(&quot;Users on the home screen&quot;)&#10;public void users_on_the_home_screen() {&#10;    // Write code here that turns the phrase above into concrete actions&#10;    throw new io.cucumber.java.PendingException();&#10;}&#10;@When(&quot;The user tap on the hamburger menu on the top left side of the screen&quot;)&#10;public void the_user_tap_on_the_hamburger_menu_on_the_top_left_side_of_the_screen() {&#10;    // Write code here that turns the phrase above into concrete actions&#10;    throw new io.cucumber.java.PendingException();&#10;}&#10;@Then(&quot;Show list menu&quot;)&#10;public void show_list_menu() {&#10;    // Write code here that turns the phrase above into concrete actions&#10;    throw new io.cucumber.java.PendingException();&#10;}&#10;" type="io.cucumber.junit.UndefinedStepException"><![CDATA[io.cucumber.junit.UndefinedStepException: 
The step 'User login into the app with nik "<nik>" and password "<pwd>"' and 3 other step(s) are undefined.
You can implement these steps using the snippet(s) below:

@Given("User login into the app with nik {string} and password {string}")
public void user_login_into_the_app_with_nik_and_password(String string, String string2) {
    // Write code here that turns the phrase above into concrete actions
    throw new io.cucumber.java.PendingException();
}
@When("Users on the home screen")
public void users_on_the_home_screen() {
    // Write code here that turns the phrase above into concrete actions
    throw new io.cucumber.java.PendingException();
}
@When("The user tap on the hamburger menu on the top left side of the screen")
public void the_user_tap_on_the_hamburger_menu_on_the_top_left_side_of_the_screen() {
    // Write code here that turns the phrase above into concrete actions
    throw new io.cucumber.java.PendingException();
}
@Then("Show list menu")
public void show_list_menu() {
    // Write code here that turns the phrase above into concrete actions
    throw new io.cucumber.java.PendingException();
}

]]></error>
    <system-out><![CDATA[
Scenario: User want see menu in side bar (TC_H2)                            &amp#27;[90m# src/test/resources/features/Home.feature:10&amp#27;[0m
]]></system-out>
    <system-err><![CDATA[[main] INFO  - 
  _____   ___   ___   _____     ___   ___   _  _   ___    ___   _  _    ___ 
 |_   _| | __| / __| |_   _|   | _ \ | __| | \| | |   \  |_ _| | \| |  / __|
   | |   | _|  \__ \   | |     |  _/ | _|  | .` | | |) |  | |  | .` | | (_ |
   |_|   |___| |___/   |_|     |_|   |___| |_|\_| |___/  |___| |_|\_|  \___|

Verify that the components on the home screen are displayed (TC_H1)
-----------------------------------------------------------------------------
[main] INFO io.cucumber.core.plugin.SerenityReporter - Running feature from file:///C:/Users/RICO/IdeaProjects/CapstoneMobile/src/test/resources/features/Home.feature
[main] INFO  - 
  _____   ___   ___   _____     ___   _____     _     ___   _____   ___   ___  
 |_   _| | __| / __| |_   _|   / __| |_   _|   /_\   | _ \ |_   _| | __| |   \ 
   | |   | _|  \__ \   | |     \__ \   | |    / _ \  |   /   | |   | _|  | |) |
   |_|   |___| |___/   |_|     |___/   |_|   /_/ \_\ |_|_\   |_|   |___| |___/ 

User want see menu in side bar (TC_H2)(home;user-want-see-menu-in-side-bar-(tc-h2))
--------------------------------------------------------------------------------
]]></system-err>
  </testcase>
  <testcase name="Users on the home screen(User want see menu in side bar " classname="Users on the home screen(User want see menu in side bar (TC_H2))" time="0">
    <skipped/>
    <system-out><![CDATA[  &amp#27;[33mGiven &amp#27;[0m&amp#27;[33mUser login into the app with nik "<nik>" and password "<pwd>"&amp#27;[0m       &amp#27;[90m# null&amp#27;[0m
]]></system-out>
  </testcase>
  <testcase name="The user tap on the hamburger menu on the top left side of the screen(User want see menu in side bar " classname="The user tap on the hamburger menu on the top left side of the screen(User want see menu in side bar (TC_H2))" time="0">
    <skipped/>
    <system-out><![CDATA[  &amp#27;[36mWhen &amp#27;[0m&amp#27;[36mUsers on the home screen&amp#27;[0m                                             &amp#27;[90m# null&amp#27;[0m
]]></system-out>
  </testcase>
  <testcase name="Show list menu(User want see menu in side bar " classname="Show list menu(User want see menu in side bar (TC_H2))" time="0">
    <skipped/>
    <system-out><![CDATA[  &amp#27;[36mAnd &amp#27;[0m&amp#27;[36mThe user tap on the hamburger menu on the top left side of the screen&amp#27;[0m &amp#27;[90m# null&amp#27;[0m
]]></system-out>
  </testcase>
  <testcase name="User want see menu in side bar " classname="TC_H2" time="0.007">
    <error message="The step &apos;User login into the app with nik &quot;&lt;nik&gt;&quot; and password &quot;&lt;pwd&gt;&quot;&apos; and 3 other step(s) are undefined.&#10;You can implement these steps using the snippet(s) below:&#10;&#10;@Given(&quot;User login into the app with nik {string} and password {string}&quot;)&#10;public void user_login_into_the_app_with_nik_and_password(String string, String string2) {&#10;    // Write code here that turns the phrase above into concrete actions&#10;    throw new io.cucumber.java.PendingException();&#10;}&#10;@When(&quot;Users on the home screen&quot;)&#10;public void users_on_the_home_screen() {&#10;    // Write code here that turns the phrase above into concrete actions&#10;    throw new io.cucumber.java.PendingException();&#10;}&#10;@When(&quot;The user tap on the hamburger menu on the top left side of the screen&quot;)&#10;public void the_user_tap_on_the_hamburger_menu_on_the_top_left_side_of_the_screen() {&#10;    // Write code here that turns the phrase above into concrete actions&#10;    throw new io.cucumber.java.PendingException();&#10;}&#10;@Then(&quot;Show list menu&quot;)&#10;public void show_list_menu() {&#10;    // Write code here that turns the phrase above into concrete actions&#10;    throw new io.cucumber.java.PendingException();&#10;}&#10;" type="io.cucumber.junit.UndefinedStepException"><![CDATA[io.cucumber.junit.UndefinedStepException: 
The step 'User login into the app with nik "<nik>" and password "<pwd>"' and 3 other step(s) are undefined.
You can implement these steps using the snippet(s) below:

@Given("User login into the app with nik {string} and password {string}")
public void user_login_into_the_app_with_nik_and_password(String string, String string2) {
    // Write code here that turns the phrase above into concrete actions
    throw new io.cucumber.java.PendingException();
}
@When("Users on the home screen")
public void users_on_the_home_screen() {
    // Write code here that turns the phrase above into concrete actions
    throw new io.cucumber.java.PendingException();
}
@When("The user tap on the hamburger menu on the top left side of the screen")
public void the_user_tap_on_the_hamburger_menu_on_the_top_left_side_of_the_screen() {
    // Write code here that turns the phrase above into concrete actions
    throw new io.cucumber.java.PendingException();
}
@Then("Show list menu")
public void show_list_menu() {
    // Write code here that turns the phrase above into concrete actions
    throw new io.cucumber.java.PendingException();
}

]]></error>
    <system-out><![CDATA[  &amp#27;[36mThen &amp#27;[0m&amp#27;[36mShow list menu&amp#27;[0m                                                       &amp#27;[90m# null&amp#27;[0m
]]></system-out>
  </testcase>
  <testcase name="User login into the app with nik &quot;&lt;nik&gt;&quot; and password &quot;&lt;pwd&gt;&quot;(User wants to booking vaccine " classname="User login into the app with nik &quot;&lt;nik&gt;&quot; and password &quot;&lt;pwd&gt;&quot;(User wants to booking vaccine (TC_H3))" time="0.006">
    <error message="The step &apos;User login into the app with nik &quot;&lt;nik&gt;&quot; and password &quot;&lt;pwd&gt;&quot;&apos; and 6 other step(s) are undefined.&#10;You can implement these steps using the snippet(s) below:&#10;&#10;@Given(&quot;User login into the app with nik {string} and password {string}&quot;)&#10;public void user_login_into_the_app_with_nik_and_password(String string, String string2) {&#10;    // Write code here that turns the phrase above into concrete actions&#10;    throw new io.cucumber.java.PendingException();&#10;}&#10;@When(&quot;Users on the home screen&quot;)&#10;public void users_on_the_home_screen() {&#10;    // Write code here that turns the phrase above into concrete actions&#10;    throw new io.cucumber.java.PendingException();&#10;}&#10;@When(&quot;User tap button {string}&quot;)&#10;public void user_tap_button(String string) {&#10;    // Write code here that turns the phrase above into concrete actions&#10;    throw new io.cucumber.java.PendingException();&#10;}&#10;@When(&quot;User select location vaccine&quot;)&#10;public void user_select_location_vaccine() {&#10;    // Write code here that turns the phrase above into concrete actions&#10;    throw new io.cucumber.java.PendingException();&#10;}&#10;@Then(&quot;User direct to invoce page and tap button to go to home page&quot;)&#10;public void user_direct_to_invoce_page_and_tap_button_to_go_to_home_page() {&#10;    // Write code here that turns the phrase above into concrete actions&#10;    throw new io.cucumber.java.PendingException();&#10;}&#10;" type="io.cucumber.junit.UndefinedStepException"><![CDATA[io.cucumber.junit.UndefinedStepException: 
The step 'User login into the app with nik "<nik>" and password "<pwd>"' and 6 other step(s) are undefined.
You can implement these steps using the snippet(s) below:

@Given("User login into the app with nik {string} and password {string}")
public void user_login_into_the_app_with_nik_and_password(String string, String string2) {
    // Write code here that turns the phrase above into concrete actions
    throw new io.cucumber.java.PendingException();
}
@When("Users on the home screen")
public void users_on_the_home_screen() {
    // Write code here that turns the phrase above into concrete actions
    throw new io.cucumber.java.PendingException();
}
@When("User tap button {string}")
public void user_tap_button(String string) {
    // Write code here that turns the phrase above into concrete actions
    throw new io.cucumber.java.PendingException();
}
@When("User select location vaccine")
public void user_select_location_vaccine() {
    // Write code here that turns the phrase above into concrete actions
    throw new io.cucumber.java.PendingException();
}
@Then("User direct to invoce page and tap button to go to home page")
public void user_direct_to_invoce_page_and_tap_button_to_go_to_home_page() {
    // Write code here that turns the phrase above into concrete actions
    throw new io.cucumber.java.PendingException();
}

]]></error>
    <system-out><![CDATA[
Scenario: User wants to booking vaccine (TC_H3)                       &amp#27;[90m# src/test/resources/features/Home.feature:14&amp#27;[0m
]]></system-out>
    <system-err><![CDATA[[main] INFO  - 
  _____   ___   ___   _____     ___   ___   _  _   ___    ___   _  _    ___ 
 |_   _| | __| / __| |_   _|   | _ \ | __| | \| | |   \  |_ _| | \| |  / __|
   | |   | _|  \__ \   | |     |  _/ | _|  | .` | | |) |  | |  | .` | | (_ |
   |_|   |___| |___/   |_|     |_|   |___| |_|\_| |___/  |___| |_|\_|  \___|

User want see menu in side bar (TC_H2)
-----------------------------------------------------------------------------
[main] INFO io.cucumber.core.plugin.SerenityReporter - Running feature from file:///C:/Users/RICO/IdeaProjects/CapstoneMobile/src/test/resources/features/Home.feature
[main] INFO  - 
  _____   ___   ___   _____     ___   _____     _     ___   _____   ___   ___  
 |_   _| | __| / __| |_   _|   / __| |_   _|   /_\   | _ \ |_   _| | __| |   \ 
   | |   | _|  \__ \   | |     \__ \   | |    / _ \  |   /   | |   | _|  | |) |
   |_|   |___| |___/   |_|     |___/   |_|   /_/ \_\ |_|_\   |_|   |___| |___/ 

User wants to booking vaccine (TC_H3)(home;user-wants-to-booking-vaccine-(tc-h3))
--------------------------------------------------------------------------------
]]></system-err>
  </testcase>
  <testcase name="Users on the home screen(User wants to booking vaccine " classname="Users on the home screen(User wants to booking vaccine (TC_H3))" time="0">
    <skipped/>
    <system-out><![CDATA[  &amp#27;[33mGiven &amp#27;[0m&amp#27;[33mUser login into the app with nik "<nik>" and password "<pwd>"&amp#27;[0m &amp#27;[90m# null&amp#27;[0m
]]></system-out>
  </testcase>
  <testcase name="User tap button &quot;Daftar Sekarang!&quot;(User wants to booking vaccine " classname="User tap button &quot;Daftar Sekarang!&quot;(User wants to booking vaccine (TC_H3))" time="0">
    <skipped/>
    <system-out><![CDATA[  &amp#27;[36mWhen &amp#27;[0m&amp#27;[36mUsers on the home screen&amp#27;[0m                                       &amp#27;[90m# null&amp#27;[0m
]]></system-out>
  </testcase>
  <testcase name="User select location vaccine(User wants to booking vaccine " classname="User select location vaccine(User wants to booking vaccine (TC_H3))" time="0">
    <skipped/>
    <system-out><![CDATA[  &amp#27;[36mAnd &amp#27;[0m&amp#27;[36mUser tap button "Daftar Sekarang!"&amp#27;[0m                              &amp#27;[90m# null&amp#27;[0m
]]></system-out>
  </testcase>
  <testcase name="User tap button &quot;Pilih&quot;(User wants to booking vaccine " classname="User tap button &quot;Pilih&quot;(User wants to booking vaccine (TC_H3))" time="0">
    <skipped/>
    <system-out><![CDATA[  &amp#27;[36mAnd &amp#27;[0m&amp#27;[36mUser select location vaccine&amp#27;[0m                                    &amp#27;[90m# null&amp#27;[0m
]]></system-out>
  </testcase>
  <testcase name="User tap button &quot;Booking Sekarang&quot;(User wants to booking vaccine " classname="User tap button &quot;Booking Sekarang&quot;(User wants to booking vaccine (TC_H3))" time="0">
    <skipped/>
    <system-out><![CDATA[  &amp#27;[36mAnd &amp#27;[0m&amp#27;[36mUser tap button "Pilih"&amp#27;[0m                                         &amp#27;[90m# null&amp#27;[0m
]]></system-out>
  </testcase>
  <testcase name="User direct to invoce page and tap button to go to home page(User wants to booking vaccine " classname="User direct to invoce page and tap button to go to home page(User wants to booking vaccine (TC_H3))" time="0">
    <skipped/>
    <system-out><![CDATA[  &amp#27;[36mAnd &amp#27;[0m&amp#27;[36mUser tap button "Booking Sekarang"&amp#27;[0m                              &amp#27;[90m# null&amp#27;[0m
]]></system-out>
  </testcase>
  <testcase name="User wants to booking vaccine " classname="TC_H3" time="0.006">
    <error message="The step &apos;User login into the app with nik &quot;&lt;nik&gt;&quot; and password &quot;&lt;pwd&gt;&quot;&apos; and 6 other step(s) are undefined.&#10;You can implement these steps using the snippet(s) below:&#10;&#10;@Given(&quot;User login into the app with nik {string} and password {string}&quot;)&#10;public void user_login_into_the_app_with_nik_and_password(String string, String string2) {&#10;    // Write code here that turns the phrase above into concrete actions&#10;    throw new io.cucumber.java.PendingException();&#10;}&#10;@When(&quot;Users on the home screen&quot;)&#10;public void users_on_the_home_screen() {&#10;    // Write code here that turns the phrase above into concrete actions&#10;    throw new io.cucumber.java.PendingException();&#10;}&#10;@When(&quot;User tap button {string}&quot;)&#10;public void user_tap_button(String string) {&#10;    // Write code here that turns the phrase above into concrete actions&#10;    throw new io.cucumber.java.PendingException();&#10;}&#10;@When(&quot;User select location vaccine&quot;)&#10;public void user_select_location_vaccine() {&#10;    // Write code here that turns the phrase above into concrete actions&#10;    throw new io.cucumber.java.PendingException();&#10;}&#10;@Then(&quot;User direct to invoce page and tap button to go to home page&quot;)&#10;public void user_direct_to_invoce_page_and_tap_button_to_go_to_home_page() {&#10;    // Write code here that turns the phrase above into concrete actions&#10;    throw new io.cucumber.java.PendingException();&#10;}&#10;" type="io.cucumber.junit.UndefinedStepException"><![CDATA[io.cucumber.junit.UndefinedStepException: 
The step 'User login into the app with nik "<nik>" and password "<pwd>"' and 6 other step(s) are undefined.
You can implement these steps using the snippet(s) below:

@Given("User login into the app with nik {string} and password {string}")
public void user_login_into_the_app_with_nik_and_password(String string, String string2) {
    // Write code here that turns the phrase above into concrete actions
    throw new io.cucumber.java.PendingException();
}
@When("Users on the home screen")
public void users_on_the_home_screen() {
    // Write code here that turns the phrase above into concrete actions
    throw new io.cucumber.java.PendingException();
}
@When("User tap button {string}")
public void user_tap_button(String string) {
    // Write code here that turns the phrase above into concrete actions
    throw new io.cucumber.java.PendingException();
}
@When("User select location vaccine")
public void user_select_location_vaccine() {
    // Write code here that turns the phrase above into concrete actions
    throw new io.cucumber.java.PendingException();
}
@Then("User direct to invoce page and tap button to go to home page")
public void user_direct_to_invoce_page_and_tap_button_to_go_to_home_page() {
    // Write code here that turns the phrase above into concrete actions
    throw new io.cucumber.java.PendingException();
}

]]></error>
    <system-out><![CDATA[  &amp#27;[36mThen &amp#27;[0m&amp#27;[36mUser direct to invoce page and tap button to go to home page&amp#27;[0m   &amp#27;[90m# null&amp#27;[0m
]]></system-out>
  </testcase>
  <testcase name="User login into the app with nik &quot;&lt;nik&gt;&quot; and password &quot;&lt;pwd&gt;&quot;(User want to &quot;Baca Selengkapnya&quot; section &quot;Cara pencegahan virus covid-19&quot; on ekslusif hanya untuk Anda " classname="User login into the app with nik &quot;&lt;nik&gt;&quot; and password &quot;&lt;pwd&gt;&quot;(User want to &quot;Baca Selengkapnya&quot; section &quot;Cara pencegahan virus covid-19&quot; on ekslusif hanya untuk Anda (TC_H4))" time="0.006">
    <error message="The step &apos;User login into the app with nik &quot;&lt;nik&gt;&quot; and password &quot;&lt;pwd&gt;&quot;&apos; and 3 other step(s) are undefined.&#10;You can implement these steps using the snippet(s) below:&#10;&#10;@Given(&quot;User login into the app with nik {string} and password {string}&quot;)&#10;public void user_login_into_the_app_with_nik_and_password(String string, String string2) {&#10;    // Write code here that turns the phrase above into concrete actions&#10;    throw new io.cucumber.java.PendingException();&#10;}&#10;@When(&quot;Users on the home screen&quot;)&#10;public void users_on_the_home_screen() {&#10;    // Write code here that turns the phrase above into concrete actions&#10;    throw new io.cucumber.java.PendingException();&#10;}&#10;@When(&quot;User Click button {string} on ekslusif {string}&quot;)&#10;public void user_click_button_on_ekslusif(String string, String string2) {&#10;    // Write code here that turns the phrase above into concrete actions&#10;    throw new io.cucumber.java.PendingException();&#10;}&#10;@Then(&quot;Show screen {string}&quot;)&#10;public void show_screen(String string) {&#10;    // Write code here that turns the phrase above into concrete actions&#10;    throw new io.cucumber.java.PendingException();&#10;}&#10;" type="io.cucumber.junit.UndefinedStepException"><![CDATA[io.cucumber.junit.UndefinedStepException: 
The step 'User login into the app with nik "<nik>" and password "<pwd>"' and 3 other step(s) are undefined.
You can implement these steps using the snippet(s) below:

@Given("User login into the app with nik {string} and password {string}")
public void user_login_into_the_app_with_nik_and_password(String string, String string2) {
    // Write code here that turns the phrase above into concrete actions
    throw new io.cucumber.java.PendingException();
}
@When("Users on the home screen")
public void users_on_the_home_screen() {
    // Write code here that turns the phrase above into concrete actions
    throw new io.cucumber.java.PendingException();
}
@When("User Click button {string} on ekslusif {string}")
public void user_click_button_on_ekslusif(String string, String string2) {
    // Write code here that turns the phrase above into concrete actions
    throw new io.cucumber.java.PendingException();
}
@Then("Show screen {string}")
public void show_screen(String string) {
    // Write code here that turns the phrase above into concrete actions
    throw new io.cucumber.java.PendingException();
}

]]></error>
    <system-out><![CDATA[
Scenario: User want to "Baca Selengkapnya" section "Cara pencegahan virus covid-19" on ekslusif hanya untuk Anda (TC_H4) &amp#27;[90m# src/test/resources/features/Home.feature:21&amp#27;[0m
]]></system-out>
    <system-err><![CDATA[[main] INFO  - 
  _____   ___   ___   _____     ___   ___   _  _   ___    ___   _  _    ___ 
 |_   _| | __| / __| |_   _|   | _ \ | __| | \| | |   \  |_ _| | \| |  / __|
   | |   | _|  \__ \   | |     |  _/ | _|  | .` | | |) |  | |  | .` | | (_ |
   |_|   |___| |___/   |_|     |_|   |___| |_|\_| |___/  |___| |_|\_|  \___|

User wants to booking vaccine (TC_H3)
-----------------------------------------------------------------------------
[main] INFO io.cucumber.core.plugin.SerenityReporter - Running feature from file:///C:/Users/RICO/IdeaProjects/CapstoneMobile/src/test/resources/features/Home.feature
[main] INFO  - 
  _____   ___   ___   _____     ___   _____     _     ___   _____   ___   ___  
 |_   _| | __| / __| |_   _|   / __| |_   _|   /_\   | _ \ |_   _| | __| |   \ 
   | |   | _|  \__ \   | |     \__ \   | |    / _ \  |   /   | |   | _|  | |) |
   |_|   |___| |___/   |_|     |___/   |_|   /_/ \_\ |_|_\   |_|   |___| |___/ 

User want to "Baca Selengkapnya" section "Cara pencegahan virus covid-19" on ekslusif hanya untuk Anda (TC_H4)(home;user-want-to-"baca-selengkapnya"-section-"cara-pencegahan-virus-covid-19"-on-ekslusif-hanya-untuk-anda-(tc-h4))
--------------------------------------------------------------------------------
]]></system-err>
  </testcase>
  <testcase name="Users on the home screen(User want to &quot;Baca Selengkapnya&quot; section &quot;Cara pencegahan virus covid-19&quot; on ekslusif hanya untuk Anda " classname="Users on the home screen(User want to &quot;Baca Selengkapnya&quot; section &quot;Cara pencegahan virus covid-19&quot; on ekslusif hanya untuk Anda (TC_H4))" time="0">
    <skipped/>
    <system-out><![CDATA[  &amp#27;[33mGiven &amp#27;[0m&amp#27;[33mUser login into the app with nik "<nik>" and password "<pwd>"&amp#27;[0m                                                    &amp#27;[90m# null&amp#27;[0m
]]></system-out>
  </testcase>
  <testcase name="User Click button &quot;Baca Selengkapnya&quot; on ekslusif &quot;Berbagai macam vaksin&quot;(User want to &quot;Baca Selengkapnya&quot; section &quot;Cara pencegahan virus covid-19&quot; on ekslusif hanya untuk Anda " classname="User Click button &quot;Baca Selengkapnya&quot; on ekslusif &quot;Berbagai macam vaksin&quot;(User want to &quot;Baca Selengkapnya&quot; section &quot;Cara pencegahan virus covid-19&quot; on ekslusif hanya untuk Anda (TC_H4))" time="0">
    <skipped/>
    <system-out><![CDATA[  &amp#27;[36mWhen &amp#27;[0m&amp#27;[36mUsers on the home screen&amp#27;[0m                                                                                          &amp#27;[90m# null&amp#27;[0m
]]></system-out>
  </testcase>
  <testcase name="Show screen &quot;Berbagai macam jenis vaksin Covid-19 yang ada di Indonesia&quot;(User want to &quot;Baca Selengkapnya&quot; section &quot;Cara pencegahan virus covid-19&quot; on ekslusif hanya untuk Anda " classname="Show screen &quot;Berbagai macam jenis vaksin Covid-19 yang ada di Indonesia&quot;(User want to &quot;Baca Selengkapnya&quot; section &quot;Cara pencegahan virus covid-19&quot; on ekslusif hanya untuk Anda (TC_H4))" time="0">
    <skipped/>
    <system-out><![CDATA[  &amp#27;[36mAnd &amp#27;[0m&amp#27;[36mUser Click button "Baca Selengkapnya" on ekslusif "Berbagai macam vaksin"&amp#27;[0m                                          &amp#27;[90m# null&amp#27;[0m
]]></system-out>
  </testcase>
  <testcase name="User want to &quot;Baca Selengkapnya&quot; section &quot;Cara pencegahan virus covid-19&quot; on ekslusif hanya untuk Anda " classname="TC_H4" time="0.008">
    <error message="The step &apos;User login into the app with nik &quot;&lt;nik&gt;&quot; and password &quot;&lt;pwd&gt;&quot;&apos; and 3 other step(s) are undefined.&#10;You can implement these steps using the snippet(s) below:&#10;&#10;@Given(&quot;User login into the app with nik {string} and password {string}&quot;)&#10;public void user_login_into_the_app_with_nik_and_password(String string, String string2) {&#10;    // Write code here that turns the phrase above into concrete actions&#10;    throw new io.cucumber.java.PendingException();&#10;}&#10;@When(&quot;Users on the home screen&quot;)&#10;public void users_on_the_home_screen() {&#10;    // Write code here that turns the phrase above into concrete actions&#10;    throw new io.cucumber.java.PendingException();&#10;}&#10;@When(&quot;User Click button {string} on ekslusif {string}&quot;)&#10;public void user_click_button_on_ekslusif(String string, String string2) {&#10;    // Write code here that turns the phrase above into concrete actions&#10;    throw new io.cucumber.java.PendingException();&#10;}&#10;@Then(&quot;Show screen {string}&quot;)&#10;public void show_screen(String string) {&#10;    // Write code here that turns the phrase above into concrete actions&#10;    throw new io.cucumber.java.PendingException();&#10;}&#10;" type="io.cucumber.junit.UndefinedStepException"><![CDATA[io.cucumber.junit.UndefinedStepException: 
The step 'User login into the app with nik "<nik>" and password "<pwd>"' and 3 other step(s) are undefined.
You can implement these steps using the snippet(s) below:

@Given("User login into the app with nik {string} and password {string}")
public void user_login_into_the_app_with_nik_and_password(String string, String string2) {
    // Write code here that turns the phrase above into concrete actions
    throw new io.cucumber.java.PendingException();
}
@When("Users on the home screen")
public void users_on_the_home_screen() {
    // Write code here that turns the phrase above into concrete actions
    throw new io.cucumber.java.PendingException();
}
@When("User Click button {string} on ekslusif {string}")
public void user_click_button_on_ekslusif(String string, String string2) {
    // Write code here that turns the phrase above into concrete actions
    throw new io.cucumber.java.PendingException();
}
@Then("Show screen {string}")
public void show_screen(String string) {
    // Write code here that turns the phrase above into concrete actions
    throw new io.cucumber.java.PendingException();
}

]]></error>
    <system-out><![CDATA[  &amp#27;[36mThen &amp#27;[0m&amp#27;[36mShow screen "Berbagai macam jenis vaksin Covid-19 yang ada di Indonesia"&amp#27;[0m                                          &amp#27;[90m# null&amp#27;[0m
]]></system-out>
  </testcase>
  <testcase name="User login into the app with nik &quot;&lt;nik&gt;&quot; and password &quot;&lt;pwd&gt;&quot;(User want to &quot;Baca Selengkapnya&quot; section &quot;Cara pencegahan virus covid-19&quot; on ekslusif hanya untuk Anda " classname="User login into the app with nik &quot;&lt;nik&gt;&quot; and password &quot;&lt;pwd&gt;&quot;(User want to &quot;Baca Selengkapnya&quot; section &quot;Cara pencegahan virus covid-19&quot; on ekslusif hanya untuk Anda (TC_H5))" time="0.007">
    <error message="The step &apos;User login into the app with nik &quot;&lt;nik&gt;&quot; and password &quot;&lt;pwd&gt;&quot;&apos; and 3 other step(s) are undefined.&#10;You can implement these steps using the snippet(s) below:&#10;&#10;@Given(&quot;User login into the app with nik {string} and password {string}&quot;)&#10;public void user_login_into_the_app_with_nik_and_password(String string, String string2) {&#10;    // Write code here that turns the phrase above into concrete actions&#10;    throw new io.cucumber.java.PendingException();&#10;}&#10;@When(&quot;Users on the home screen&quot;)&#10;public void users_on_the_home_screen() {&#10;    // Write code here that turns the phrase above into concrete actions&#10;    throw new io.cucumber.java.PendingException();&#10;}&#10;@When(&quot;User on home screen and click button {string} on ekslusif {string}&quot;)&#10;public void user_on_home_screen_and_click_button_on_ekslusif(String string, String string2) {&#10;    // Write code here that turns the phrase above into concrete actions&#10;    throw new io.cucumber.java.PendingException();&#10;}&#10;@Then(&quot;Show Screen {string}&quot;)&#10;public void show_screen(String string) {&#10;    // Write code here that turns the phrase above into concrete actions&#10;    throw new io.cucumber.java.PendingException();&#10;}&#10;" type="io.cucumber.junit.UndefinedStepException"><![CDATA[io.cucumber.junit.UndefinedStepException: 
The step 'User login into the app with nik "<nik>" and password "<pwd>"' and 3 other step(s) are undefined.
You can implement these steps using the snippet(s) below:

@Given("User login into the app with nik {string} and password {string}")
public void user_login_into_the_app_with_nik_and_password(String string, String string2) {
    // Write code here that turns the phrase above into concrete actions
    throw new io.cucumber.java.PendingException();
}
@When("Users on the home screen")
public void users_on_the_home_screen() {
    // Write code here that turns the phrase above into concrete actions
    throw new io.cucumber.java.PendingException();
}
@When("User on home screen and click button {string} on ekslusif {string}")
public void user_on_home_screen_and_click_button_on_ekslusif(String string, String string2) {
    // Write code here that turns the phrase above into concrete actions
    throw new io.cucumber.java.PendingException();
}
@Then("Show Screen {string}")
public void show_screen(String string) {
    // Write code here that turns the phrase above into concrete actions
    throw new io.cucumber.java.PendingException();
}

]]></error>
    <system-out><![CDATA[
Scenario: User want to "Baca Selengkapnya" section "Cara pencegahan virus covid-19" on ekslusif hanya untuk Anda (TC_H5) &amp#27;[90m# src/test/resources/features/Home.feature:25&amp#27;[0m
]]></system-out>
    <system-err><![CDATA[[main] INFO  - 
  _____   ___   ___   _____     ___   ___   _  _   ___    ___   _  _    ___ 
 |_   _| | __| / __| |_   _|   | _ \ | __| | \| | |   \  |_ _| | \| |  / __|
   | |   | _|  \__ \   | |     |  _/ | _|  | .` | | |) |  | |  | .` | | (_ |
   |_|   |___| |___/   |_|     |_|   |___| |_|\_| |___/  |___| |_|\_|  \___|

User want to "Baca Selengkapnya" section "Cara pencegahan virus covid-19" on ekslusif hanya untuk Anda (TC_H4)
-----------------------------------------------------------------------------
[main] INFO io.cucumber.core.plugin.SerenityReporter - Running feature from file:///C:/Users/RICO/IdeaProjects/CapstoneMobile/src/test/resources/features/Home.feature
[main] INFO  - 
  _____   ___   ___   _____     ___   _____     _     ___   _____   ___   ___  
 |_   _| | __| / __| |_   _|   / __| |_   _|   /_\   | _ \ |_   _| | __| |   \ 
   | |   | _|  \__ \   | |     \__ \   | |    / _ \  |   /   | |   | _|  | |) |
   |_|   |___| |___/   |_|     |___/   |_|   /_/ \_\ |_|_\   |_|   |___| |___/ 

User want to "Baca Selengkapnya" section "Cara pencegahan virus covid-19" on ekslusif hanya untuk Anda (TC_H5)(home;user-want-to-"baca-selengkapnya"-section-"cara-pencegahan-virus-covid-19"-on-ekslusif-hanya-untuk-anda-(tc-h5))
--------------------------------------------------------------------------------
]]></system-err>
  </testcase>
  <testcase name="Users on the home screen(User want to &quot;Baca Selengkapnya&quot; section &quot;Cara pencegahan virus covid-19&quot; on ekslusif hanya untuk Anda " classname="Users on the home screen(User want to &quot;Baca Selengkapnya&quot; section &quot;Cara pencegahan virus covid-19&quot; on ekslusif hanya untuk Anda (TC_H5))" time="0">
    <skipped/>
    <system-out><![CDATA[  &amp#27;[33mGiven &amp#27;[0m&amp#27;[33mUser login into the app with nik "<nik>" and password "<pwd>"&amp#27;[0m                                                    &amp#27;[90m# null&amp#27;[0m
]]></system-out>
  </testcase>
  <testcase name="User on home screen and click button &quot;Baca Selengkapnya&quot; on ekslusif &quot;Cara pencegahan virus...&quot;(User want to &quot;Baca Selengkapnya&quot; section &quot;Cara pencegahan virus covid-19&quot; on ekslusif hanya untuk Anda " classname="User on home screen and click button &quot;Baca Selengkapnya&quot; on ekslusif &quot;Cara pencegahan virus...&quot;(User want to &quot;Baca Selengkapnya&quot; section &quot;Cara pencegahan virus covid-19&quot; on ekslusif hanya untuk Anda (TC_H5))" time="0">
    <skipped/>
    <system-out><![CDATA[  &amp#27;[36mWhen &amp#27;[0m&amp#27;[36mUsers on the home screen&amp#27;[0m                                                                                          &amp#27;[90m# null&amp#27;[0m
]]></system-out>
  </testcase>
  <testcase name="Show Screen &quot;Cara Pencegahan virus Covid-19 dan Gejala Penyakitnya&quot;(User want to &quot;Baca Selengkapnya&quot; section &quot;Cara pencegahan virus covid-19&quot; on ekslusif hanya untuk Anda " classname="Show Screen &quot;Cara Pencegahan virus Covid-19 dan Gejala Penyakitnya&quot;(User want to &quot;Baca Selengkapnya&quot; section &quot;Cara pencegahan virus covid-19&quot; on ekslusif hanya untuk Anda (TC_H5))" time="0">
    <skipped/>
    <system-out><![CDATA[  &amp#27;[36mAnd &amp#27;[0m&amp#27;[36mUser on home screen and click button "Baca Selengkapnya" on ekslusif "Cara pencegahan virus..."&amp#27;[0m                    &amp#27;[90m# null&amp#27;[0m
]]></system-out>
  </testcase>
  <testcase name="User want to &quot;Baca Selengkapnya&quot; section &quot;Cara pencegahan virus covid-19&quot; on ekslusif hanya untuk Anda " classname="TC_H5" time="0.007">
    <error message="The step &apos;User login into the app with nik &quot;&lt;nik&gt;&quot; and password &quot;&lt;pwd&gt;&quot;&apos; and 3 other step(s) are undefined.&#10;You can implement these steps using the snippet(s) below:&#10;&#10;@Given(&quot;User login into the app with nik {string} and password {string}&quot;)&#10;public void user_login_into_the_app_with_nik_and_password(String string, String string2) {&#10;    // Write code here that turns the phrase above into concrete actions&#10;    throw new io.cucumber.java.PendingException();&#10;}&#10;@When(&quot;Users on the home screen&quot;)&#10;public void users_on_the_home_screen() {&#10;    // Write code here that turns the phrase above into concrete actions&#10;    throw new io.cucumber.java.PendingException();&#10;}&#10;@When(&quot;User on home screen and click button {string} on ekslusif {string}&quot;)&#10;public void user_on_home_screen_and_click_button_on_ekslusif(String string, String string2) {&#10;    // Write code here that turns the phrase above into concrete actions&#10;    throw new io.cucumber.java.PendingException();&#10;}&#10;@Then(&quot;Show Screen {string}&quot;)&#10;public void show_screen(String string) {&#10;    // Write code here that turns the phrase above into concrete actions&#10;    throw new io.cucumber.java.PendingException();&#10;}&#10;" type="io.cucumber.junit.UndefinedStepException"><![CDATA[io.cucumber.junit.UndefinedStepException: 
The step 'User login into the app with nik "<nik>" and password "<pwd>"' and 3 other step(s) are undefined.
You can implement these steps using the snippet(s) below:

@Given("User login into the app with nik {string} and password {string}")
public void user_login_into_the_app_with_nik_and_password(String string, String string2) {
    // Write code here that turns the phrase above into concrete actions
    throw new io.cucumber.java.PendingException();
}
@When("Users on the home screen")
public void users_on_the_home_screen() {
    // Write code here that turns the phrase above into concrete actions
    throw new io.cucumber.java.PendingException();
}
@When("User on home screen and click button {string} on ekslusif {string}")
public void user_on_home_screen_and_click_button_on_ekslusif(String string, String string2) {
    // Write code here that turns the phrase above into concrete actions
    throw new io.cucumber.java.PendingException();
}
@Then("Show Screen {string}")
public void show_screen(String string) {
    // Write code here that turns the phrase above into concrete actions
    throw new io.cucumber.java.PendingException();
}

]]></error>
    <system-out><![CDATA[  &amp#27;[36mThen &amp#27;[0m&amp#27;[36mShow Screen "Cara Pencegahan virus Covid-19 dan Gejala Penyakitnya"&amp#27;[0m                                               &amp#27;[90m# null&amp#27;[0m
]]></system-out>
  </testcase>
  <testcase name="User login into the app with nik &quot;&lt;nik&gt;&quot; and password &quot;&lt;pwd&gt;&quot;(User want to see more &quot;Berita Terbaru&quot; from home page " classname="User login into the app with nik &quot;&lt;nik&gt;&quot; and password &quot;&lt;pwd&gt;&quot;(User want to see more &quot;Berita Terbaru&quot; from home page (TC_H6))" time="0.005">
    <error message="The step &apos;User login into the app with nik &quot;&lt;nik&gt;&quot; and password &quot;&lt;pwd&gt;&quot;&apos; and 4 other step(s) are undefined.&#10;You can implement these steps using the snippet(s) below:&#10;&#10;@Given(&quot;User login into the app with nik {string} and password {string}&quot;)&#10;public void user_login_into_the_app_with_nik_and_password(String string, String string2) {&#10;    // Write code here that turns the phrase above into concrete actions&#10;    throw new io.cucumber.java.PendingException();&#10;}&#10;@When(&quot;Users on the home screen&quot;)&#10;public void users_on_the_home_screen() {&#10;    // Write code here that turns the phrase above into concrete actions&#10;    throw new io.cucumber.java.PendingException();&#10;}&#10;@When(&quot;User direct to screen Berita Terbaru&quot;)&#10;public void user_direct_to_screen_berita_terbaru() {&#10;    // Write code here that turns the phrase above into concrete actions&#10;    throw new io.cucumber.java.PendingException();&#10;}&#10;@When(&quot;User select {int} news and go to reading article&quot;)&#10;public void user_select_news_and_go_to_reading_article(Integer int1) {&#10;    // Write code here that turns the phrase above into concrete actions&#10;    throw new io.cucumber.java.PendingException();&#10;}&#10;@Then(&quot;The application displays articles based on the selected&quot;)&#10;public void the_application_displays_articles_based_on_the_selected() {&#10;    // Write code here that turns the phrase above into concrete actions&#10;    throw new io.cucumber.java.PendingException();&#10;}&#10;" type="io.cucumber.junit.UndefinedStepException"><![CDATA[io.cucumber.junit.UndefinedStepException: 
The step 'User login into the app with nik "<nik>" and password "<pwd>"' and 4 other step(s) are undefined.
You can implement these steps using the snippet(s) below:

@Given("User login into the app with nik {string} and password {string}")
public void user_login_into_the_app_with_nik_and_password(String string, String string2) {
    // Write code here that turns the phrase above into concrete actions
    throw new io.cucumber.java.PendingException();
}
@When("Users on the home screen")
public void users_on_the_home_screen() {
    // Write code here that turns the phrase above into concrete actions
    throw new io.cucumber.java.PendingException();
}
@When("User direct to screen Berita Terbaru")
public void user_direct_to_screen_berita_terbaru() {
    // Write code here that turns the phrase above into concrete actions
    throw new io.cucumber.java.PendingException();
}
@When("User select {int} news and go to reading article")
public void user_select_news_and_go_to_reading_article(Integer int1) {
    // Write code here that turns the phrase above into concrete actions
    throw new io.cucumber.java.PendingException();
}
@Then("The application displays articles based on the selected")
public void the_application_displays_articles_based_on_the_selected() {
    // Write code here that turns the phrase above into concrete actions
    throw new io.cucumber.java.PendingException();
}

]]></error>
    <system-out><![CDATA[
Scenario: User want to see more "Berita Terbaru" from home page (TC_H6) &amp#27;[90m# src/test/resources/features/Home.feature:29&amp#27;[0m
]]></system-out>
    <system-err><![CDATA[[main] INFO  - 
  _____   ___   ___   _____     ___   ___   _  _   ___    ___   _  _    ___ 
 |_   _| | __| / __| |_   _|   | _ \ | __| | \| | |   \  |_ _| | \| |  / __|
   | |   | _|  \__ \   | |     |  _/ | _|  | .` | | |) |  | |  | .` | | (_ |
   |_|   |___| |___/   |_|     |_|   |___| |_|\_| |___/  |___| |_|\_|  \___|

User want to "Baca Selengkapnya" section "Cara pencegahan virus covid-19" on ekslusif hanya untuk Anda (TC_H5)
-----------------------------------------------------------------------------
[main] INFO io.cucumber.core.plugin.SerenityReporter - Running feature from file:///C:/Users/RICO/IdeaProjects/CapstoneMobile/src/test/resources/features/Home.feature
[main] INFO  - 
  _____   ___   ___   _____     ___   _____     _     ___   _____   ___   ___  
 |_   _| | __| / __| |_   _|   / __| |_   _|   /_\   | _ \ |_   _| | __| |   \ 
   | |   | _|  \__ \   | |     \__ \   | |    / _ \  |   /   | |   | _|  | |) |
   |_|   |___| |___/   |_|     |___/   |_|   /_/ \_\ |_|_\   |_|   |___| |___/ 

User want to see more "Berita Terbaru" from home page (TC_H6)(home;user-want-to-see-more-"berita-terbaru"-from-home-page-(tc-h6))
--------------------------------------------------------------------------------
]]></system-err>
  </testcase>
  <testcase name="Users on the home screen(User want to see more &quot;Berita Terbaru&quot; from home page " classname="Users on the home screen(User want to see more &quot;Berita Terbaru&quot; from home page (TC_H6))" time="0">
    <skipped/>
    <system-out><![CDATA[  &amp#27;[33mGiven &amp#27;[0m&amp#27;[33mUser login into the app with nik "<nik>" and password "<pwd>"&amp#27;[0m   &amp#27;[90m# null&amp#27;[0m
]]></system-out>
  </testcase>
  <testcase name="User direct to screen Berita Terbaru(User want to see more &quot;Berita Terbaru&quot; from home page " classname="User direct to screen Berita Terbaru(User want to see more &quot;Berita Terbaru&quot; from home page (TC_H6))" time="0">
    <skipped/>
    <system-out><![CDATA[  &amp#27;[36mWhen &amp#27;[0m&amp#27;[36mUsers on the home screen&amp#27;[0m                                         &amp#27;[90m# null&amp#27;[0m
]]></system-out>
  </testcase>
  <testcase name="User select 1 news and go to reading article(User want to see more &quot;Berita Terbaru&quot; from home page " classname="User select 1 news and go to reading article(User want to see more &quot;Berita Terbaru&quot; from home page (TC_H6))" time="0">
    <skipped/>
    <system-out><![CDATA[  &amp#27;[36mAnd &amp#27;[0m&amp#27;[36mUser direct to screen Berita Terbaru&amp#27;[0m                              &amp#27;[90m# null&amp#27;[0m
]]></system-out>
  </testcase>
  <testcase name="The application displays articles based on the selected(User want to see more &quot;Berita Terbaru&quot; from home page " classname="The application displays articles based on the selected(User want to see more &quot;Berita Terbaru&quot; from home page (TC_H6))" time="0">
    <skipped/>
    <system-out><![CDATA[  &amp#27;[36mAnd &amp#27;[0m&amp#27;[36mUser select 1 news and go to reading article&amp#27;[0m                      &amp#27;[90m# null&amp#27;[0m
]]></system-out>
  </testcase>
  <testcase name="User want to see more &quot;Berita Terbaru&quot; from home page " classname="TC_H6" time="0.007">
    <error message="The step &apos;User login into the app with nik &quot;&lt;nik&gt;&quot; and password &quot;&lt;pwd&gt;&quot;&apos; and 4 other step(s) are undefined.&#10;You can implement these steps using the snippet(s) below:&#10;&#10;@Given(&quot;User login into the app with nik {string} and password {string}&quot;)&#10;public void user_login_into_the_app_with_nik_and_password(String string, String string2) {&#10;    // Write code here that turns the phrase above into concrete actions&#10;    throw new io.cucumber.java.PendingException();&#10;}&#10;@When(&quot;Users on the home screen&quot;)&#10;public void users_on_the_home_screen() {&#10;    // Write code here that turns the phrase above into concrete actions&#10;    throw new io.cucumber.java.PendingException();&#10;}&#10;@When(&quot;User direct to screen Berita Terbaru&quot;)&#10;public void user_direct_to_screen_berita_terbaru() {&#10;    // Write code here that turns the phrase above into concrete actions&#10;    throw new io.cucumber.java.PendingException();&#10;}&#10;@When(&quot;User select {int} news and go to reading article&quot;)&#10;public void user_select_news_and_go_to_reading_article(Integer int1) {&#10;    // Write code here that turns the phrase above into concrete actions&#10;    throw new io.cucumber.java.PendingException();&#10;}&#10;@Then(&quot;The application displays articles based on the selected&quot;)&#10;public void the_application_displays_articles_based_on_the_selected() {&#10;    // Write code here that turns the phrase above into concrete actions&#10;    throw new io.cucumber.java.PendingException();&#10;}&#10;" type="io.cucumber.junit.UndefinedStepException"><![CDATA[io.cucumber.junit.UndefinedStepException: 
The step 'User login into the app with nik "<nik>" and password "<pwd>"' and 4 other step(s) are undefined.
You can implement these steps using the snippet(s) below:

@Given("User login into the app with nik {string} and password {string}")
public void user_login_into_the_app_with_nik_and_password(String string, String string2) {
    // Write code here that turns the phrase above into concrete actions
    throw new io.cucumber.java.PendingException();
}
@When("Users on the home screen")
public void users_on_the_home_screen() {
    // Write code here that turns the phrase above into concrete actions
    throw new io.cucumber.java.PendingException();
}
@When("User direct to screen Berita Terbaru")
public void user_direct_to_screen_berita_terbaru() {
    // Write code here that turns the phrase above into concrete actions
    throw new io.cucumber.java.PendingException();
}
@When("User select {int} news and go to reading article")
public void user_select_news_and_go_to_reading_article(Integer int1) {
    // Write code here that turns the phrase above into concrete actions
    throw new io.cucumber.java.PendingException();
}
@Then("The application displays articles based on the selected")
public void the_application_displays_articles_based_on_the_selected() {
    // Write code here that turns the phrase above into concrete actions
    throw new io.cucumber.java.PendingException();
}

]]></error>
    <system-out><![CDATA[  &amp#27;[36mThen &amp#27;[0m&amp#27;[36mThe application displays articles based on the selected&amp#27;[0m          &amp#27;[90m# null&amp#27;[0m
]]></system-out>
  </testcase>
  <testcase name="User login into the app with nik &quot;&lt;nik&gt;&quot; and password &quot;&lt;pwd&gt;&quot;(User want to logout account " classname="User login into the app with nik &quot;&lt;nik&gt;&quot; and password &quot;&lt;pwd&gt;&quot;(User want to logout account (TC_H7))" time="0.004">
    <error message="The step &apos;User login into the app with nik &quot;&lt;nik&gt;&quot; and password &quot;&lt;pwd&gt;&quot;&apos; and 4 other step(s) are undefined.&#10;You can implement these steps using the snippet(s) below:&#10;&#10;@Given(&quot;User login into the app with nik {string} and password {string}&quot;)&#10;public void user_login_into_the_app_with_nik_and_password(String string, String string2) {&#10;    // Write code here that turns the phrase above into concrete actions&#10;    throw new io.cucumber.java.PendingException();&#10;}&#10;@When(&quot;Users on the home screen&quot;)&#10;public void users_on_the_home_screen() {&#10;    // Write code here that turns the phrase above into concrete actions&#10;    throw new io.cucumber.java.PendingException();&#10;}&#10;@When(&quot;User tap humberger icon to open sidebar&quot;)&#10;public void user_tap_humberger_icon_to_open_sidebar() {&#10;    // Write code here that turns the phrase above into concrete actions&#10;    throw new io.cucumber.java.PendingException();&#10;}&#10;@When(&quot;Tap Keluar Akun&quot;)&#10;public void tap_keluar_akun() {&#10;    // Write code here that turns the phrase above into concrete actions&#10;    throw new io.cucumber.java.PendingException();&#10;}&#10;@Then(&quot;Go to login page&quot;)&#10;public void go_to_login_page() {&#10;    // Write code here that turns the phrase above into concrete actions&#10;    throw new io.cucumber.java.PendingException();&#10;}&#10;" type="io.cucumber.junit.UndefinedStepException"><![CDATA[io.cucumber.junit.UndefinedStepException: 
The step 'User login into the app with nik "<nik>" and password "<pwd>"' and 4 other step(s) are undefined.
You can implement these steps using the snippet(s) below:

@Given("User login into the app with nik {string} and password {string}")
public void user_login_into_the_app_with_nik_and_password(String string, String string2) {
    // Write code here that turns the phrase above into concrete actions
    throw new io.cucumber.java.PendingException();
}
@When("Users on the home screen")
public void users_on_the_home_screen() {
    // Write code here that turns the phrase above into concrete actions
    throw new io.cucumber.java.PendingException();
}
@When("User tap humberger icon to open sidebar")
public void user_tap_humberger_icon_to_open_sidebar() {
    // Write code here that turns the phrase above into concrete actions
    throw new io.cucumber.java.PendingException();
}
@When("Tap Keluar Akun")
public void tap_keluar_akun() {
    // Write code here that turns the phrase above into concrete actions
    throw new io.cucumber.java.PendingException();
}
@Then("Go to login page")
public void go_to_login_page() {
    // Write code here that turns the phrase above into concrete actions
    throw new io.cucumber.java.PendingException();
}

]]></error>
    <system-out><![CDATA[
Scenario: User want to logout account (TC_H7)                         &amp#27;[90m# src/test/resources/features/Home.feature:34&amp#27;[0m
]]></system-out>
    <system-err><![CDATA[[main] INFO  - 
  _____   ___   ___   _____     ___   ___   _  _   ___    ___   _  _    ___ 
 |_   _| | __| / __| |_   _|   | _ \ | __| | \| | |   \  |_ _| | \| |  / __|
   | |   | _|  \__ \   | |     |  _/ | _|  | .` | | |) |  | |  | .` | | (_ |
   |_|   |___| |___/   |_|     |_|   |___| |_|\_| |___/  |___| |_|\_|  \___|

User want to see more "Berita Terbaru" from home page (TC_H6)
-----------------------------------------------------------------------------
[main] INFO io.cucumber.core.plugin.SerenityReporter - Running feature from file:///C:/Users/RICO/IdeaProjects/CapstoneMobile/src/test/resources/features/Home.feature
[main] INFO  - 
  _____   ___   ___   _____     ___   _____     _     ___   _____   ___   ___  
 |_   _| | __| / __| |_   _|   / __| |_   _|   /_\   | _ \ |_   _| | __| |   \ 
   | |   | _|  \__ \   | |     \__ \   | |    / _ \  |   /   | |   | _|  | |) |
   |_|   |___| |___/   |_|     |___/   |_|   /_/ \_\ |_|_\   |_|   |___| |___/ 

User want to logout account (TC_H7)(home;user-want-to-logout-account-(tc-h7))
--------------------------------------------------------------------------------
]]></system-err>
  </testcase>
  <testcase name="Users on the home screen(User want to logout account " classname="Users on the home screen(User want to logout account (TC_H7))" time="0">
    <skipped/>
    <system-out><![CDATA[  &amp#27;[33mGiven &amp#27;[0m&amp#27;[33mUser login into the app with nik "<nik>" and password "<pwd>"&amp#27;[0m &amp#27;[90m# null&amp#27;[0m
]]></system-out>
  </testcase>
  <testcase name="User tap humberger icon to open sidebar(User want to logout account " classname="User tap humberger icon to open sidebar(User want to logout account (TC_H7))" time="0">
    <skipped/>
    <system-out><![CDATA[  &amp#27;[36mWhen &amp#27;[0m&amp#27;[36mUsers on the home screen&amp#27;[0m                                       &amp#27;[90m# null&amp#27;[0m
]]></system-out>
  </testcase>
  <testcase name="Tap Keluar Akun(User want to logout account " classname="Tap Keluar Akun(User want to logout account (TC_H7))" time="0">
    <skipped/>
    <system-out><![CDATA[  &amp#27;[36mAnd &amp#27;[0m&amp#27;[36mUser tap humberger icon to open sidebar&amp#27;[0m                         &amp#27;[90m# null&amp#27;[0m
]]></system-out>
  </testcase>
  <testcase name="Go to login page(User want to logout account " classname="Go to login page(User want to logout account (TC_H7))" time="0">
    <skipped/>
    <system-out><![CDATA[  &amp#27;[36mAnd &amp#27;[0m&amp#27;[36mTap Keluar Akun&amp#27;[0m                                                 &amp#27;[90m# null&amp#27;[0m
]]></system-out>
  </testcase>
  <testcase name="User want to logout account " classname="TC_H7" time="0.01">
    <error message="The step &apos;User login into the app with nik &quot;&lt;nik&gt;&quot; and password &quot;&lt;pwd&gt;&quot;&apos; and 4 other step(s) are undefined.&#10;You can implement these steps using the snippet(s) below:&#10;&#10;@Given(&quot;User login into the app with nik {string} and password {string}&quot;)&#10;public void user_login_into_the_app_with_nik_and_password(String string, String string2) {&#10;    // Write code here that turns the phrase above into concrete actions&#10;    throw new io.cucumber.java.PendingException();&#10;}&#10;@When(&quot;Users on the home screen&quot;)&#10;public void users_on_the_home_screen() {&#10;    // Write code here that turns the phrase above into concrete actions&#10;    throw new io.cucumber.java.PendingException();&#10;}&#10;@When(&quot;User tap humberger icon to open sidebar&quot;)&#10;public void user_tap_humberger_icon_to_open_sidebar() {&#10;    // Write code here that turns the phrase above into concrete actions&#10;    throw new io.cucumber.java.PendingException();&#10;}&#10;@When(&quot;Tap Keluar Akun&quot;)&#10;public void tap_keluar_akun() {&#10;    // Write code here that turns the phrase above into concrete actions&#10;    throw new io.cucumber.java.PendingException();&#10;}&#10;@Then(&quot;Go to login page&quot;)&#10;public void go_to_login_page() {&#10;    // Write code here that turns the phrase above into concrete actions&#10;    throw new io.cucumber.java.PendingException();&#10;}&#10;" type="io.cucumber.junit.UndefinedStepException"><![CDATA[io.cucumber.junit.UndefinedStepException: 
The step 'User login into the app with nik "<nik>" and password "<pwd>"' and 4 other step(s) are undefined.
You can implement these steps using the snippet(s) below:

@Given("User login into the app with nik {string} and password {string}")
public void user_login_into_the_app_with_nik_and_password(String string, String string2) {
    // Write code here that turns the phrase above into concrete actions
    throw new io.cucumber.java.PendingException();
}
@When("Users on the home screen")
public void users_on_the_home_screen() {
    // Write code here that turns the phrase above into concrete actions
    throw new io.cucumber.java.PendingException();
}
@When("User tap humberger icon to open sidebar")
public void user_tap_humberger_icon_to_open_sidebar() {
    // Write code here that turns the phrase above into concrete actions
    throw new io.cucumber.java.PendingException();
}
@When("Tap Keluar Akun")
public void tap_keluar_akun() {
    // Write code here that turns the phrase above into concrete actions
    throw new io.cucumber.java.PendingException();
}
@Then("Go to login page")
public void go_to_login_page() {
    // Write code here that turns the phrase above into concrete actions
    throw new io.cucumber.java.PendingException();
}

]]></error>
    <system-out><![CDATA[  &amp#27;[36mThen &amp#27;[0m&amp#27;[36mGo to login page&amp#27;[0m                                               &amp#27;[90m# null&amp#27;[0m
]]></system-out>
  </testcase>
  <testcase name="User login to the application with input nik &quot;&lt;nik&gt;&quot; and password &quot;&lt;password&gt;&quot;(User want to check family member " classname="User login to the application with input nik &quot;&lt;nik&gt;&quot; and password &quot;&lt;password&gt;&quot;(User want to check family member (TC_F2))" time="0.005">
    <error message="The step &apos;User login to the application with input nik &quot;&lt;nik&gt;&quot; and password &quot;&lt;password&gt;&quot;&apos; and 4 other step(s) are undefined.&#10;You can implement these steps using the snippet(s) below:&#10;&#10;@Given(&quot;User login to the application with input nik {string} and password {string}&quot;)&#10;public void user_login_to_the_application_with_input_nik_and_password(String string, String string2) {&#10;    // Write code here that turns the phrase above into concrete actions&#10;    throw new io.cucumber.java.PendingException();&#10;}&#10;@When(&quot;On Home Screen User tap button humberger&quot;)&#10;public void on_home_screen_user_tap_button_humberger() {&#10;    // Write code here that turns the phrase above into concrete actions&#10;    throw new io.cucumber.java.PendingException();&#10;}&#10;@When(&quot;User tap menu {string}&quot;)&#10;public void user_tap_menu(String string) {&#10;    // Write code here that turns the phrase above into concrete actions&#10;    throw new io.cucumber.java.PendingException();&#10;}&#10;@When(&quot;user tap button {string}&quot;)&#10;public void user_tap_button(String string) {&#10;    // Write code here that turns the phrase above into concrete actions&#10;    throw new io.cucumber.java.PendingException();&#10;}&#10;@Then(&quot;Display information about NIK and Nama Lengkap&quot;)&#10;public void display_information_about_nik_and_nama_lengkap() {&#10;    // Write code here that turns the phrase above into concrete actions&#10;    throw new io.cucumber.java.PendingException();&#10;}&#10;" type="io.cucumber.junit.UndefinedStepException"><![CDATA[io.cucumber.junit.UndefinedStepException: 
The step 'User login to the application with input nik "<nik>" and password "<password>"' and 4 other step(s) are undefined.
You can implement these steps using the snippet(s) below:

@Given("User login to the application with input nik {string} and password {string}")
public void user_login_to_the_application_with_input_nik_and_password(String string, String string2) {
    // Write code here that turns the phrase above into concrete actions
    throw new io.cucumber.java.PendingException();
}
@When("On Home Screen User tap button humberger")
public void on_home_screen_user_tap_button_humberger() {
    // Write code here that turns the phrase above into concrete actions
    throw new io.cucumber.java.PendingException();
}
@When("User tap menu {string}")
public void user_tap_menu(String string) {
    // Write code here that turns the phrase above into concrete actions
    throw new io.cucumber.java.PendingException();
}
@When("user tap button {string}")
public void user_tap_button(String string) {
    // Write code here that turns the phrase above into concrete actions
    throw new io.cucumber.java.PendingException();
}
@Then("Display information about NIK and Nama Lengkap")
public void display_information_about_nik_and_nama_lengkap() {
    // Write code here that turns the phrase above into concrete actions
    throw new io.cucumber.java.PendingException();
}

]]></error>
    <system-out><![CDATA[
Scenario: User want to check family member (TC_F2)                                     &amp#27;[90m# src/test/resources/features/Keluarga.feature:17&amp#27;[0m
]]></system-out>
    <system-err><![CDATA[[main] INFO  - 
  _____   ___   ___   _____     ___   ___   _  _   ___    ___   _  _    ___ 
 |_   _| | __| / __| |_   _|   | _ \ | __| | \| | |   \  |_ _| | \| |  / __|
   | |   | _|  \__ \   | |     |  _/ | _|  | .` | | |) |  | |  | .` | | (_ |
   |_|   |___| |___/   |_|     |_|   |___| |_|\_| |___/  |___| |_|\_|  \___|

User want to logout account (TC_H7)
-----------------------------------------------------------------------------
[main] INFO io.cucumber.core.plugin.SerenityReporter - Running feature from file:///C:/Users/RICO/IdeaProjects/CapstoneMobile/src/test/resources/features/Keluarga.feature
[main] INFO  - 
  _____   ___   ___   _____     ___   _____     _     ___   _____   ___   ___  
 |_   _| | __| / __| |_   _|   / __| |_   _|   /_\   | _ \ |_   _| | __| |   \ 
   | |   | _|  \__ \   | |     \__ \   | |    / _ \  |   /   | |   | _|  | |) |
   |_|   |___| |___/   |_|     |___/   |_|   /_/ \_\ |_|_\   |_|   |___| |___/ 

User want to check family member (TC_F2)(register;user-want-to-check-family-member-(tc-f2))
--------------------------------------------------------------------------------
]]></system-err>
  </testcase>
  <testcase name="On Home Screen User tap button humberger(User want to check family member " classname="On Home Screen User tap button humberger(User want to check family member (TC_F2))" time="0">
    <skipped/>
    <system-out><![CDATA[  &amp#27;[33mGiven &amp#27;[0m&amp#27;[33mUser login to the application with input nik "<nik>" and password "<password>"&amp#27;[0m &amp#27;[90m# null&amp#27;[0m
]]></system-out>
  </testcase>
  <testcase name="User tap menu &quot;Anggota Keluarga&quot;(User want to check family member " classname="User tap menu &quot;Anggota Keluarga&quot;(User want to check family member (TC_F2))" time="0">
    <skipped/>
    <system-out><![CDATA[  &amp#27;[36mWhen &amp#27;[0m&amp#27;[36mOn Home Screen User tap button humberger&amp#27;[0m                                        &amp#27;[90m# null&amp#27;[0m
]]></system-out>
  </testcase>
  <testcase name="user tap button &quot;Keluarga 1&quot;(User want to check family member " classname="user tap button &quot;Keluarga 1&quot;(User want to check family member (TC_F2))" time="0">
    <skipped/>
    <system-out><![CDATA[  &amp#27;[36mAnd &amp#27;[0m&amp#27;[36mUser tap menu "Anggota Keluarga"&amp#27;[0m                                                 &amp#27;[90m# null&amp#27;[0m
]]></system-out>
  </testcase>
  <testcase name="Display information about NIK and Nama Lengkap(User want to check family member " classname="Display information about NIK and Nama Lengkap(User want to check family member (TC_F2))" time="0">
    <skipped/>
    <system-out><![CDATA[  &amp#27;[36mAnd &amp#27;[0m&amp#27;[36muser tap button "Keluarga 1"&amp#27;[0m                                                     &amp#27;[90m# null&amp#27;[0m
]]></system-out>
  </testcase>
  <testcase name="User want to check family member " classname="TC_F2" time="0.008">
    <error message="The step &apos;User login to the application with input nik &quot;&lt;nik&gt;&quot; and password &quot;&lt;password&gt;&quot;&apos; and 4 other step(s) are undefined.&#10;You can implement these steps using the snippet(s) below:&#10;&#10;@Given(&quot;User login to the application with input nik {string} and password {string}&quot;)&#10;public void user_login_to_the_application_with_input_nik_and_password(String string, String string2) {&#10;    // Write code here that turns the phrase above into concrete actions&#10;    throw new io.cucumber.java.PendingException();&#10;}&#10;@When(&quot;On Home Screen User tap button humberger&quot;)&#10;public void on_home_screen_user_tap_button_humberger() {&#10;    // Write code here that turns the phrase above into concrete actions&#10;    throw new io.cucumber.java.PendingException();&#10;}&#10;@When(&quot;User tap menu {string}&quot;)&#10;public void user_tap_menu(String string) {&#10;    // Write code here that turns the phrase above into concrete actions&#10;    throw new io.cucumber.java.PendingException();&#10;}&#10;@When(&quot;user tap button {string}&quot;)&#10;public void user_tap_button(String string) {&#10;    // Write code here that turns the phrase above into concrete actions&#10;    throw new io.cucumber.java.PendingException();&#10;}&#10;@Then(&quot;Display information about NIK and Nama Lengkap&quot;)&#10;public void display_information_about_nik_and_nama_lengkap() {&#10;    // Write code here that turns the phrase above into concrete actions&#10;    throw new io.cucumber.java.PendingException();&#10;}&#10;" type="io.cucumber.junit.UndefinedStepException"><![CDATA[io.cucumber.junit.UndefinedStepException: 
The step 'User login to the application with input nik "<nik>" and password "<password>"' and 4 other step(s) are undefined.
You can implement these steps using the snippet(s) below:

@Given("User login to the application with input nik {string} and password {string}")
public void user_login_to_the_application_with_input_nik_and_password(String string, String string2) {
    // Write code here that turns the phrase above into concrete actions
    throw new io.cucumber.java.PendingException();
}
@When("On Home Screen User tap button humberger")
public void on_home_screen_user_tap_button_humberger() {
    // Write code here that turns the phrase above into concrete actions
    throw new io.cucumber.java.PendingException();
}
@When("User tap menu {string}")
public void user_tap_menu(String string) {
    // Write code here that turns the phrase above into concrete actions
    throw new io.cucumber.java.PendingException();
}
@When("user tap button {string}")
public void user_tap_button(String string) {
    // Write code here that turns the phrase above into concrete actions
    throw new io.cucumber.java.PendingException();
}
@Then("Display information about NIK and Nama Lengkap")
public void display_information_about_nik_and_nama_lengkap() {
    // Write code here that turns the phrase above into concrete actions
    throw new io.cucumber.java.PendingException();
}

]]></error>
    <system-out><![CDATA[  &amp#27;[36mThen &amp#27;[0m&amp#27;[36mDisplay information about NIK and Nama Lengkap&amp#27;[0m                                  &amp#27;[90m# null&amp#27;[0m
]]></system-out>
  </testcase>
  <testcase name="User login to the application with input nik &quot;&lt;nik&gt;&quot; and password &quot;&lt;password&gt;&quot;(User want to edit NIK Anggota Keluarga with invalid NIK " classname="User login to the application with input nik &quot;&lt;nik&gt;&quot; and password &quot;&lt;password&gt;&quot;(User want to edit NIK Anggota Keluarga with invalid NIK (TC_F5))" time="0.006">
[...]
	at org.openqa.selenium.remote.RemoteWebDriver.execute(RemoteWebDriver.java:552)
	at io.appium.java_client.DefaultGenericMobileDriver.execute(DefaultGenericMobileDriver.java:41)
	at io.appium.java_client.AppiumDriver.execute(AppiumDriver.java:1)
	at io.appium.java_client.android.AndroidDriver.execute(AndroidDriver.java:1)
	at org.openqa.selenium.remote.RemoteWebDriver.startSession(RemoteWebDriver.java:213)
	at io.appium.java_client.AppiumDriver.startSession(AppiumDriver.java:363)
	at org.openqa.selenium.remote.RemoteWebDriver.<init>(RemoteWebDriver.java:131)
	at io.appium.java_client.DefaultGenericMobileDriver.<init>(DefaultGenericMobileDriver.java:37)
	at io.appium.java_client.AppiumDriver.<init>(AppiumDriver.java:89)
	at io.appium.java_client.AppiumDriver.<init>(AppiumDriver.java:99)
	at io.appium.java_client.android.AndroidDriver.<init>(AndroidDriver.java:97)
	at test.automation.driver.AndroidDriverPool.create(AndroidDriverPool.java:29)
	at test.automation.pageobject.BasePageObject.getDriver(BasePageObject.java:17)
	at test.automation.pages.LoginPage$ByteBuddy$koz9TWwr.getDriver$accessor$NQmjXeJP(Unknown Source)
	at jdk.internal.reflect.GeneratedMethodAccessor15.invoke(Unknown Source)
	at java.base/jdk.internal.reflect.DelegatingMethodAccessorImpl.invoke(DelegatingMethodAccessorImpl.java:43)
	at java.base/java.lang.reflect.Method.invoke(Method.java:566)
	at net.thucydides.core.steps.BaseMethodRunner.invokeMethod(BaseMethodRunner.java:18)
	at net.thucydides.core.steps.NormalMethodRunner.invokeMethodAndNotifyFailures(NormalMethodRunner.java:18)
	at net.thucydides.core.steps.StepInterceptor.runNormalMethod(StepInterceptor.java:407)
	at net.thucydides.core.steps.StepInterceptor.testStepResult(StepInterceptor.java:192)
	at net.thucydides.core.steps.StepInterceptor.intercept(StepInterceptor.java:85)
	at net.thucydides.core.steps.ProxyConfiguration$InterceptorDispatcher.intercept(ProxyConfiguration.java:51)
	at test.automation.pages.LoginPage$ByteBuddy$koz9TWwr.getDriver(Unknown Source)
	at test.automation.pageobject.BasePageObject.onWait(BasePageObject.java:23)
	at test.automation.pages.LoginPage$ByteBuddy$koz9TWwr.onWait$accessor$NQmjXeJP(Unknown Source)
	at jdk.internal.reflect.GeneratedMethodAccessor14.invoke(Unknown Source)
	at java.base/jdk.internal.reflect.DelegatingMethodAccessorImpl.invoke(DelegatingMethodAccessorImpl.java:43)
	at java.base/java.lang.reflect.Method.invoke(Method.java:566)
	at net.thucydides.core.steps.BaseMethodRunner.invokeMethod(BaseMethodRunner.java:18)
	at net.thucydides.core.steps.NormalMethodRunner.invokeMethodAndNotifyFailures(NormalMethodRunner.java:18)
	at net.thucydides.core.steps.StepInterceptor.runNormalMethod(StepInterceptor.java:407)
	at net.thucydides.core.steps.StepInterceptor.testStepResult(StepInterceptor.java:192)
	at net.thucydides.core.steps.StepInterceptor.intercept(StepInterceptor.java:85)
	at net.thucydides.core.steps.ProxyConfiguration$InterceptorDispatcher.intercept(ProxyConfiguration.java:51)
	at test.automation.pages.LoginPage$ByteBuddy$koz9TWwr.onWait(Unknown Source)
	at test.automation.pageobject.BasePageObject.waitUntilPresence(BasePageObject.java:33)
	at test.automation.pages.LoginPage$ByteBuddy$koz9TWwr.waitUntilPresence$accessor$NQmjXeJP(Unknown Source)
	at java.base/jdk.internal.reflect.NativeMethodAccessorImpl.invoke0(Native Method)
	at java.base/jdk.internal.reflect.NativeMethodAccessorImpl.invoke(NativeMethodAccessorImpl.java:62)
	at java.base/jdk.internal.reflect.DelegatingMethodAccessorImpl.invoke(DelegatingMethodAccessorImpl.java:43)
	at java.base/java.lang.reflect.Method.invoke(Method.java:566)
	at net.thucydides.core.steps.BaseMethodRunner.invokeMethod(BaseMethodRunner.java:18)
	at net.thucydides.core.steps.NormalMethodRunner.invokeMethodAndNotifyFailures(NormalMethodRunner.java:18)
	at net.thucydides.core.steps.StepInterceptor.runNormalMethod(StepInterceptor.java:407)
	at net.thucydides.core.steps.StepInterceptor.testStepResult(StepInterceptor.java:192)
	at net.thucydides.core.steps.StepInterceptor.intercept(StepInterceptor.java:85)
	at net.thucydides.core.steps.ProxyConfiguration$InterceptorDispatcher.intercept(ProxyConfiguration.java:51)
	at test.automation.pages.LoginPage$ByteBuddy$koz9TWwr.waitUntilPresence(Unknown Source)
	at test.automation.pages.LoginPage.onLoginScreen(LoginPage.java:44)
	at test.automation.pages.LoginPage$ByteBuddy$koz9TWwr.onLoginScreen$accessor$NQmjXeJP(Unknown Source)
	at java.base/jdk.internal.reflect.NativeMethodAccessorImpl.invoke0(Native Method)
	at java.base/jdk.internal.reflect.NativeMethodAccessorImpl.invoke(NativeMethodAccessorImpl.java:62)
	at java.base/jdk.internal.reflect.DelegatingMethodAccessorImpl.invoke(DelegatingMethodAccessorImpl.java:43)
	at java.base/java.lang.reflect.Method.invoke(Method.java:566)
	at net.thucydides.core.steps.StepInterceptor.invokeMethod(StepInterceptor.java:504)
	at net.thucydides.core.steps.StepInterceptor.executeTestStepMethod(StepInterceptor.java:484)
	at net.thucydides.core.steps.StepInterceptor.runTestStep(StepInterceptor.java:458)
	at net.thucydides.core.steps.StepInterceptor.runOrSkipMethod(StepInterceptor.java:210)
	at net.thucydides.core.steps.StepInterceptor.testStepResult(StepInterceptor.java:197)
	at net.thucydides.core.steps.StepInterceptor.intercept(StepInterceptor.java:85)
	at net.thucydides.core.steps.ProxyConfiguration$InterceptorDispatcher.intercept(ProxyConfiguration.java:51)
	at test.automation.pages.LoginPage$ByteBuddy$koz9TWwr.onLoginScreen(Unknown Source)
	at test.automation.stepdefinitions.RegisterStep.userOnLoginScreenTapButtonDaftarSekarang(RegisterStep.java:21)
	at java.base/jdk.internal.reflect.NativeMethodAccessorImpl.invoke0(Native Method)
	at java.base/jdk.internal.reflect.NativeMethodAccessorImpl.invoke(NativeMethodAccessorImpl.java:62)
	at java.base/jdk.internal.reflect.DelegatingMethodAccessorImpl.invoke(DelegatingMethodAccessorImpl.java:43)
	at java.base/java.lang.reflect.Method.invoke(Method.java:566)
	at io.cucumber.java.Invoker.doInvoke(Invoker.java:66)
	at io.cucumber.java.Invoker.invoke(Invoker.java:24)
	at io.cucumber.java.AbstractGlueDefinition.invokeMethod(AbstractGlueDefinition.java:47)
	at io.cucumber.java.JavaStepDefinition.execute(JavaStepDefinition.java:29)
	at io.cucumber.core.runner.CoreStepDefinition.execute(CoreStepDefinition.java:66)
	at io.cucumber.core.runner.PickleStepDefinitionMatch.runStep(PickleStepDefinitionMatch.java:63)
	at io.cucumber.core.runner.ExecutionMode$1.execute(ExecutionMode.java:10)
	at io.cucumber.core.runner.TestStep.executeStep(TestStep.java:92)
	at io.cucumber.core.runner.TestStep.run(TestStep.java:64)
	at io.cucumber.core.runner.PickleStepTestStep.run(PickleStepTestStep.java:51)
	at io.cucumber.core.runner.TestCase.run(TestCase.java:104)
	at io.cucumber.core.runner.Runner.runPickle(Runner.java:73)
	at io.cucumber.junit.PickleRunners$WithStepDescriptions.run(PickleRunners.java:110)
	at io.cucumber.junit.FeatureRunner.runChild(FeatureRunner.java:135)
	at io.cucumber.junit.FeatureRunner.runChild(FeatureRunner.java:27)
	at org.junit.runners.ParentRunner$4.run(ParentRunner.java:331)
	at org.junit.runners.ParentRunner$1.schedule(ParentRunner.java:79)
	at org.junit.runners.ParentRunner.runChildren(ParentRunner.java:329)
	at org.junit.runners.ParentRunner.access$100(ParentRunner.java:66)
	at org.junit.runners.ParentRunner$2.evaluate(ParentRunner.java:293)
	at org.junit.runners.ParentRunner$3.evaluate(ParentRunner.java:306)
	at org.junit.runners.ParentRunner.run(ParentRunner.java:413)
	at io.cucumber.junit.CucumberSerenityRunner.runChild(CucumberSerenityRunner.java:258)
	at io.cucumber.junit.CucumberSerenityRunner.runChild(CucumberSerenityRunner.java:57)
	at org.junit.runners.ParentRunner$4.run(ParentRunner.java:331)
	at org.junit.runners.ParentRunner$1.schedule(ParentRunner.java:79)
	at org.junit.runners.ParentRunner.runChildren(ParentRunner.java:329)
	at org.junit.runners.ParentRunner.access$100(ParentRunner.java:66)
	at org.junit.runners.ParentRunner$2.evaluate(ParentRunner.java:293)
	at io.cucumber.junit.CucumberSerenityRunner$RunCucumber.evaluate(CucumberSerenityRunner.java:286)
	at org.junit.runners.ParentRunner$3.evaluate(ParentRunner.java:306)
	at org.junit.runners.ParentRunner.run(ParentRunner.java:413)
	at org.apache.maven.surefire.junit4.JUnit4Provider.execute(JUnit4Provider.java:367)
	at org.apache.maven.surefire.junit4.JUnit4Provider.executeWithRerun(JUnit4Provider.java:274)
	at org.apache.maven.surefire.junit4.JUnit4Provider.executeTestSet(JUnit4Provider.java:238)
	at org.apache.maven.surefire.junit4.JUnit4Provider.invoke(JUnit4Provider.java:161)
	at org.apache.maven.surefire.booter.ForkedBooter.invokeProviderInSameClassLoader(ForkedBooter.java:290)
	at org.apache.maven.surefire.booter.ForkedBooter.runSuitesInProcess(ForkedBooter.java:242)
	at org.apache.maven.surefire.booter.ForkedBooter.main(ForkedBooter.java:121)
Caused by: org.openqa.selenium.WebDriverException: An unknown server-side error occurred while processing the command. Original error: Cannot start the 'com.example.bookingvaccine' application. Visit https://github.com/appium/appium/blob/master/docs/en/writing-running-appium/android/activity-startup.md for troubleshooting. Original error: 'com.example.bookingvaccine.MainActivity' or 'com.example.bookingvaccine.com.example.bookingvaccine.MainActivity' never started. Visit https://github.com/appium/appium/blob/master/docs/en/writing-running-appium/android/activity-startup.md for troubleshooting
Build info: version: '3.141.59', revision: 'e82be7d358', time: '2018-11-14T08:17:03'
System info: host: 'RIKOSAHETAPI', ip: '192.168.0.15', os.name: 'Windows 10', os.arch: 'amd64', os.version: '10.0', java.version: '11.0.2'
Driver info: driver.version: AndroidDriver
remote stacktrace: UnknownError: An unknown server-side error occurred while processing the command. Original error: Cannot start the 'com.example.bookingvaccine' application. Visit https://github.com/appium/appium/blob/master/docs/en/writing-running-appium/android/activity-startup.md for troubleshooting. Original error: 'com.example.bookingvaccine.MainActivity' or 'com.example.bookingvaccine.com.example.bookingvaccine.MainActivity' never started. Visit https://github.com/appium/appium/blob/master/docs/en/writing-running-appium/android/activity-startup.md for troubleshooting
    at getResponseForW3CError (C:\Users\RICO\AppData\Roaming\npm\node_modules\appium\node_modules\appium-base-driver\lib\protocol\errors.js:804:9)
    at asyncHandler (C:\Users\RICO\AppData\Roaming\npm\node_modules\appium\node_modules\appium-base-driver\lib\protocol\protocol.js:380:37)
	at java.base/jdk.internal.reflect.NativeConstructorAccessorImpl.newInstance0(Native Method)
	at java.base/jdk.internal.reflect.NativeConstructorAccessorImpl.newInstance(NativeConstructorAccessorImpl.java:62)
	at java.base/jdk.internal.reflect.DelegatingConstructorAccessorImpl.newInstance(DelegatingConstructorAccessorImpl.java:45)
	at java.base/java.lang.reflect.Constructor.newInstance(Constructor.java:490)
	at org.openqa.selenium.remote.W3CHandshakeResponse.lambda$errorHandler$0(W3CHandshakeResponse.java:62)
	at org.openqa.selenium.remote.HandshakeResponse.lambda$getResponseFunction$0(HandshakeResponse.java:30)
	at org.openqa.selenium.remote.ProtocolHandshake.lambda$createSession$0(ProtocolHandshake.java:126)
	at java.base/java.util.stream.ReferencePipeline$3$1.accept(ReferencePipeline.java:195)
	at java.base/java.util.Spliterators$ArraySpliterator.tryAdvance(Spliterators.java:958)
	at java.base/java.util.stream.ReferencePipeline.forEachWithCancel(ReferencePipeline.java:127)
	at java.base/java.util.stream.AbstractPipeline.copyIntoWithCancel(AbstractPipeline.java:502)
	at java.base/java.util.stream.AbstractPipeline.copyInto(AbstractPipeline.java:488)
	at java.base/java.util.stream.AbstractPipeline.wrapAndCopyInto(AbstractPipeline.java:474)
	at java.base/java.util.stream.FindOps$FindOp.evaluateSequential(FindOps.java:150)
	at java.base/java.util.stream.AbstractPipeline.evaluate(AbstractPipeline.java:234)
	at java.base/java.util.stream.ReferencePipeline.findFirst(ReferencePipeline.java:543)
	at org.openqa.selenium.remote.ProtocolHandshake.createSession(ProtocolHandshake.java:128)
	... 113 more
&amp#27;[0m
]]></system-out>
  </testcase>
  <testcase name="Tap button Batal(Verification &quot;batal&quot; in Register Page can be used " classname="Tap button Batal(Verification &quot;batal&quot; in Register Page can be used (TC_R11))" time="0">
    <skipped/>
    <system-out><![CDATA[  &amp#27;[36mWhen &amp#27;[0m&amp#27;[36mUser On Register Screen&amp#27;[0m                                       &amp#27;[90m# test.automation.stepdefinitions.RegisterStep.userOnRegisterScreen()&amp#27;[0m
]]></system-out>
  </testcase>
  <testcase name="User return to login page(Verification &quot;batal&quot; in Register Page can be used " classname="User return to login page(Verification &quot;batal&quot; in Register Page can be used (TC_R11))" time="0">
    <skipped/>
    <system-out><![CDATA[  &amp#27;[36mAnd &amp#27;[0m&amp#27;[36mTap button Batal&amp#27;[0m                                               &amp#27;[90m# test.automation.stepdefinitions.RegisterStep.tapButtonBatal()&amp#27;[0m
]]></system-out>
  </testcase>
  <testcase name="Verification &quot;batal&quot; in Register Page can be used " classname="TC_R11" time="0.001">
    <error message="Unable to create a new remote session. Please check the server log for more details. Original error: An unknown server-side error occurred while processing the command. Original error: Cannot start the &apos;com.example.bookingvaccine&apos; application. Visit https://github.com/appium/appium/blob/master/docs/en/writing-running-appium/android/activity-startup.md for troubleshooting. Original error: &apos;com.example.bookingvaccine.MainActivity&apos; or &apos;com.example.bookingvaccine.com.example.bookingvaccine.MainActivity&apos; never started. Visit https://github.com/appium/appium/blob/master/docs/en/writing-running-appium/android/activity-startup.md for troubleshooting&#10;Build info: version: &apos;3.141.59&apos;, revision: &apos;e82be7d358&apos;, time: &apos;2018-11-14T08:17:03&apos;&#10;System info: host: &apos;RIKOSAHETAPI&apos;, ip: &apos;192.168.0.15&apos;, os.name: &apos;Windows 10&apos;, os.arch: &apos;amd64&apos;, os.version: &apos;10.0&apos;, java.version: &apos;11.0.2&apos;&#10;Driver info: driver.version: AndroidDriver&#10;remote stacktrace: UnknownError: An unknown server-side error occurred while processing the command. Original error: Cannot start the &apos;com.example.bookingvaccine&apos; application. Visit https://github.com/appium/appium/blob/master/docs/en/writing-running-appium/android/activity-startup.md for troubleshooting. Original error: &apos;com.example.bookingvaccine.MainActivity&apos; or &apos;com.example.bookingvaccine.com.example.bookingvaccine.MainActivity&apos; never started. Visit https://github.com/appium/appium/blob/master/docs/en/writing-running-appium/android/activity-startup.md for troubleshooting&#10;    at getResponseForW3CError (C:\Users\RICO\AppData\Roaming\npm\node_modules\appium\node_modules\appium-base-driver\lib\protocol\errors.js:804:9)&#10;    at asyncHandler (C:\Users\RICO\AppData\Roaming\npm\node_modules\appium\node_modules\appium-base-driver\lib\protocol\protocol.js:380:37)&#10;Build info: version: &apos;3.141.59&apos;, revision: &apos;e82be7d358&apos;, time: &apos;2018-11-14T08:17:03&apos;&#10;System info: host: &apos;RIKOSAHETAPI&apos;, ip: &apos;192.168.0.15&apos;, os.name: &apos;Windows 10&apos;, os.arch: &apos;amd64&apos;, os.version: &apos;10.0&apos;, java.version: &apos;11.0.2&apos;&#10;Driver info: driver.version: AndroidDriver" type="org.openqa.selenium.SessionNotCreatedException">org.openqa.selenium.SessionNotCreatedException: 
Unable to create a new remote session. Please check the server log for more details. Original error: An unknown server-side error occurred while processing the command. Original error: Cannot start the 'com.example.bookingvaccine' application. Visit https://github.com/appium/appium/blob/master/docs/en/writing-running-appium/android/activity-startup.md for troubleshooting. Original error: 'com.example.bookingvaccine.MainActivity' or 'com.example.bookingvaccine.com.example.bookingvaccine.MainActivity' never started. Visit https://github.com/appium/appium/blob/master/docs/en/writing-running-appium/android/activity-startup.md for troubleshooting
Build info: version: '3.141.59', revision: 'e82be7d358', time: '2018-11-14T08:17:03'
System info: host: 'RIKOSAHETAPI', ip: '192.168.0.15', os.name: 'Windows 10', os.arch: 'amd64', os.version: '10.0', java.version: '11.0.2'
Driver info: driver.version: AndroidDriver
remote stacktrace: UnknownError: An unknown server-side error occurred while processing the command. Original error: Cannot start the 'com.example.bookingvaccine' application. Visit https://github.com/appium/appium/blob/master/docs/en/writing-running-appium/android/activity-startup.md for troubleshooting. Original error: 'com.example.bookingvaccine.MainActivity' or 'com.example.bookingvaccine.com.example.bookingvaccine.MainActivity' never started. Visit https://github.com/appium/appium/blob/master/docs/en/writing-running-appium/android/activity-startup.md for troubleshooting
    at getResponseForW3CError (C:\Users\RICO\AppData\Roaming\npm\node_modules\appium\node_modules\appium-base-driver\lib\protocol\errors.js:804:9)
    at asyncHandler (C:\Users\RICO\AppData\Roaming\npm\node_modules\appium\node_modules\appium-base-driver\lib\protocol\protocol.js:380:37)
Build info: version: '3.141.59', revision: 'e82be7d358', time: '2018-11-14T08:17:03'
System info: host: 'RIKOSAHETAPI', ip: '192.168.0.15', os.name: 'Windows 10', os.arch: 'amd64', os.version: '10.0', java.version: '11.0.2'
Driver info: driver.version: AndroidDriver
Caused by: java.lang.reflect.InvocationTargetException
Caused by: org.openqa.selenium.WebDriverException: 
An unknown server-side error occurred while processing the command. Original error: Cannot start the 'com.example.bookingvaccine' application. Visit https://github.com/appium/appium/blob/master/docs/en/writing-running-appium/android/activity-startup.md for troubleshooting. Original error: 'com.example.bookingvaccine.MainActivity' or 'com.example.bookingvaccine.com.example.bookingvaccine.MainActivity' never started. Visit https://github.com/appium/appium/blob/master/docs/en/writing-running-appium/android/activity-startup.md for troubleshooting
Build info: version: '3.141.59', revision: 'e82be7d358', time: '2018-11-14T08:17:03'
System info: host: 'RIKOSAHETAPI', ip: '192.168.0.15', os.name: 'Windows 10', os.arch: 'amd64', os.version: '10.0', java.version: '11.0.2'
Driver info: driver.version: AndroidDriver
remote stacktrace: UnknownError: An unknown server-side error occurred while processing the command. Original error: Cannot start the 'com.example.bookingvaccine' application. Visit https://github.com/appium/appium/blob/master/docs/en/writing-running-appium/android/activity-startup.md for troubleshooting. Original error: 'com.example.bookingvaccine.MainActivity' or 'com.example.bookingvaccine.com.example.bookingvaccine.MainActivity' never started. Visit https://github.com/appium/appium/blob/master/docs/en/writing-running-appium/android/activity-startup.md for troubleshooting
    at getResponseForW3CError (C:\Users\RICO\AppData\Roaming\npm\node_modules\appium\node_modules\appium-base-driver\lib\protocol\errors.js:804:9)
    at asyncHandler (C:\Users\RICO\AppData\Roaming\npm\node_modules\appium\node_modules\appium-base-driver\lib\protocol\protocol.js:380:37)
</error>
    <system-out><![CDATA[  &amp#27;[36mThen &amp#27;[0m&amp#27;[36mUser return to login page&amp#27;[0m                                     &amp#27;[90m# test.automation.stepdefinitions.RegisterStep.userReturnToLoginPage()&amp#27;[0m
]]></system-out>
  </testcase>
</testsuite>